[---------------------------------------------------------------------]
[                            YOUR SHOPPING                            ]
[---------------------------------------------------------------------]
[ USER ID 8 - ROBERTO -
[---------------------------------------------------------------------]
[ Your attractions...
[ - Attraction article No. 9 - The 'Paso de Caradhras',
[   Has a cost of: 9,00 gold coins, and required 8.0 hs.

[---------------------------------------------------------------------]
[ Your Promotions...
[ - Promotion article No. 2 - The 'PACK DEGUSTACION'.
[   Has a cost of: 36,00 gold coins, and required 7.5 hs.
[   Includes the following attractions: 
[   -La Comarca
[   -Lothlorien

[ - Promotion article No. 3 - The 'PACK PAISAJES'.
[   Has a cost of: 10,00 gold coins, and required 7.5 hs.
[   Includes the following attractions: 
[   -Minas Tirith
[   -Abismo de Helm
[   -Erebor

[ - Promotion article No. 1 - The 'PACK AVENTURA'.
[   Has a cost of: 22,40 gold coins, and required 7.0 hs.
[   Includes the following attractions: 
[   -Mordor
[   -Bosque Negro

[---------------------------------------------------------------------]
[ The total time taken is 30.0 hs.
[ and the amount of gold coins spent is 77.4
[---------------------------------------------------------------------]
